<?xml version="1.0" encoding="UTF-8"?>
<!-- Generated by org.testng.reporters.JUnitReportReporter -->
<testsuite hostname="ASUS_VIVOBOOK" failures="0" tests="1" name="com.opencart.qa.UnitTestScenarios.AddToCart" time="12.807" errors="0" timestamp="2025-05-10T20:06:22 IST" skipped="0">
  <testcase classname="com.opencart.qa.UnitTestScenarios.AddToCart" name="validateSuccessfulPurchaseFlow" time="12.807"/>
</testsuite> <!-- com.opencart.qa.UnitTestScenarios.AddToCart -->
