<?xml version="1.0" encoding="UTF-8"?>
<!-- Generated by org.testng.reporters.JUnitReportReporter -->
<testsuite hostname="ASUS_VIVOBOOK" failures="0" tests="1" name="com.opencart.qa.UnitTestScenarios.EndToEndPurchaseTest" time="17.023" errors="0" timestamp="2025-05-11T00:08:47 IST" skipped="0">
  <testcase classname="com.opencart.qa.UnitTestScenarios.EndToEndPurchaseTest" name="validateSuccessfulPurchaseFlow" time="17.023"/>
</testsuite> <!-- com.opencart.qa.UnitTestScenarios.EndToEndPurchaseTest -->
