<?xml version="1.0" encoding="UTF-8"?>
<!-- Generated by org.testng.reporters.JUnitReportReporter -->
<testsuite hostname="ASUS_VIVOBOOK" failures="0" tests="1" name="com.opencart.qa.UnitTestScenarios.RegisterTest" time="10.153" errors="0" timestamp="2025-05-07T20:50:06 IST" skipped="0">
  <testcase classname="com.opencart.qa.UnitTestScenarios.RegisterTest" name="registerFlow" time="10.153"/>
</testsuite> <!-- com.opencart.qa.UnitTestScenarios.RegisterTest -->
